<?xml version="1.0" encoding="UTF-8"?>
<!-- Generated by org.testng.reporters.JUnitReportReporter -->
<testsuite skipped="0" hostname="LAPTOP-20464U94" name="testCases.LoginApp" tests="1" failures="0" timestamp="31 Oct 2017 18:09:05 GMT" time="2.820" errors="0">
  <testcase name="verifyLogin" time="2.820" classname="testCases.LoginApp"/>
</testsuite> <!-- testCases.LoginApp -->
