<?xml version="1.0" encoding="UTF-8"?>
<!-- Generated by org.testng.reporters.JUnitReportReporter -->
<testsuite skipped="0" hostname="LAPTOP-20464U94" name="testCases.TestCase_ticketbooking" tests="1" failures="0" timestamp="04 Nov 2017 17:07:43 GMT" time="10.266" errors="0">
  <testcase name="verifyLogin" time="10.266" classname="testCases.TestCase_ticketbooking"/>
</testsuite> <!-- testCases.TestCase_ticketbooking -->
