<?xml version="1.0" encoding="UTF-8"?>
<!-- Generated by org.testng.reporters.JUnitReportReporter -->
<testsuite skipped="0" hostname="LAPTOP-20464U94" name="TestcaseClass6.LoginTestCase" tests="1" failures="0" timestamp="05 Sep 2020 17:21:32 GMT" time="11.811" errors="0">
  <testcase name="verifyLogin" time="11.811" classname="TestcaseClass6.LoginTestCase"/>
</testsuite> <!-- TestcaseClass6.LoginTestCase -->
