<?xml version="1.0" encoding="UTF-8"?>
<!-- Generated by org.testng.reporters.JUnitReportReporter -->
<testsuite skipped="0" hostname="LAPTOP-20464U94" name="testCases.LoginAppPF" tests="1" failures="0" timestamp="31 Oct 2017 18:08:45 GMT" time="3.096" errors="0">
  <testcase name="verifyLogin" time="3.096" classname="testCases.LoginAppPF"/>
</testsuite> <!-- testCases.LoginAppPF -->
