<?xml version="1.0" encoding="UTF-8"?>
<!-- Generated by org.testng.reporters.JUnitReportReporter -->
<testsuite skipped="0" hostname="LAPTOP-20464U94" name="testCases.TestCase_loginpage" tests="1" failures="0" timestamp="04 Nov 2017 17:07:04 GMT" time="3.983" errors="0">
  <testcase name="verifyLogin" time="3.983" classname="testCases.TestCase_loginpage"/>
</testsuite> <!-- testCases.TestCase_loginpage -->
