<?xml version="1.0" encoding="UTF-8"?>
<!-- Generated by org.testng.reporters.JUnitReportReporter -->
<testsuite skipped="0" hostname="LAPTOP-20464U94" name="testCases.TestCase001_verifyLogin" tests="1" failures="0" timestamp="05 Mar 2019 22:03:16 GMT" time="6.617" errors="0">
  <testcase name="verifyLogin" time="6.617" classname="testCases.TestCase001_verifyLogin"/>
</testsuite> <!-- testCases.TestCase001_verifyLogin -->
